<?xml version="1.0" encoding="utf-8"?><testsuites name="pytest tests"><testsuite name="pytest" errors="0" failures="0" skipped="0" tests="16" time="7.630" timestamp="2026-09-18T12:06:00.930123+00:00" hostname="agent-env-64f0e18b-fd94-46dc-9533-241b7b210b07"><testcase classname="tests.backend_test" name="test_login_bad" time="0.314" /><testcase classname="tests.backend_test" name="test_me" time="0.471" /><testcase classname="tests.backend_test" name="test_admin_dashboard" time="0.134" /><testcase classname="tests.backend_test" name="test_inventory" time="0.143" /><testcase classname="tests.backend_test" name="test_teacher_payment_flow" time="0.392" /><testcase classname="tests.backend_test" name="test_results" time="0.305" /><testcase classname="tests.backend_test" name="test_reclamations_resolve" time="0.406" /><testcase classname="tests.backend_test" name="test_user_crud" time="0.784" /><testcase classname="tests.backend_test" name="test_comptable_dashboard" time="0.549" /><testcase classname="tests.backend_test" name="test_student_create_and_payment" time="0.714" /><testcase classname="tests.backend_test" name="test_payment_no_allocations" time="0.395" /><testcase classname="tests.backend_test" name="test_expense_create_list" time="0.379" /><testcase classname="tests.backend_test" name="test_my_classes" time="0.501" /><testcase classname="tests.backend_test" name="test_cahier_and_grade_flow" time="0.863" /><testcase classname="tests.backend_test" name="test_bulletin" time="0.484" /><testcase classname="tests.backend_test" name="test_role_forbidden" time="0.271" /></testsuite></testsuites>